2025-10-05 21:17:04.080 [main] WARN  org.testng.xml.TestNGContentHandler - It is strongly recommended to add "<!DOCTYPE suite SYSTEM "https://testng.org/testng-1.1.dtd" >" at the top of the suite file [C:\Users\Obinna.Ezirim\eclipse-workspace\SauceDemoV101\master.xml] otherwise TestNG may fail or not work as expected.
2025-10-05 21:17:04.775 [main] INFO  org.testng.internal.Utils - [TestNG] Running:
  C:\Users\Obinna.Ezirim\eclipse-workspace\SauceDemoV101\master.xml

2025-10-05 21:18:18.824 [main] INFO  testCases.TC_002_AddToCartTest - ******** Starting TC_002_AddToCartTest *******
2025-10-05 21:18:18.824 [main] INFO  testCases.TC_002_AddToCartTest - ******** Starting TC_002_AddToCartTest *******
2025-10-05 21:18:18.826 [main] INFO  testCases.TC_002_AddToCartTest - Logging into the application...
2025-10-05 21:18:18.826 [main] INFO  testCases.TC_002_AddToCartTest - Logging into the application...
2025-10-05 21:18:19.513 [main] INFO  testCases.TC_002_AddToCartTest - Login successful!
2025-10-05 21:18:19.513 [main] INFO  testCases.TC_002_AddToCartTest - Login successful!
2025-10-05 21:18:19.689 [main] INFO  testCases.TC_002_AddToCartTest - ******** Finished TC_002_AddToCartTest *******
2025-10-05 21:18:19.689 [main] INFO  testCases.TC_002_AddToCartTest - ******** Finished TC_002_AddToCartTest *******
2025-10-05 21:19:15.631 [main] INFO  testCases.TC_001_LoginTest - ******** Starting TC_001_LoginTest *******
2025-10-05 21:19:15.631 [main] INFO  testCases.TC_001_LoginTest - ******** Starting TC_001_LoginTest *******
2025-10-05 21:19:16.124 [main] INFO  testCases.TC_001_LoginTest - ******** Finished TC_001_LoginTest *******
2025-10-05 21:19:16.124 [main] INFO  testCases.TC_001_LoginTest - ******** Finished TC_001_LoginTest *******
2025-10-05 21:21:20.662 [main] WARN  org.testng.xml.TestNGContentHandler - It is strongly recommended to add "<!DOCTYPE suite SYSTEM "https://testng.org/testng-1.1.dtd" >" at the top of the suite file [C:\Users\Obinna.Ezirim\eclipse-workspace\SauceDemoV101\master.xml] otherwise TestNG may fail or not work as expected.
2025-10-05 21:21:20.984 [main] INFO  org.testng.internal.Utils - [TestNG] Running:
  C:\Users\Obinna.Ezirim\eclipse-workspace\SauceDemoV101\master.xml

2025-10-05 21:22:13.824 [main] INFO  testCases.TC_001_LoginTest - ******** Starting TC_001_LoginTest *******
2025-10-05 21:22:13.824 [main] INFO  testCases.TC_001_LoginTest - ******** Starting TC_001_LoginTest *******
2025-10-05 21:22:14.426 [main] INFO  testCases.TC_001_LoginTest - ******** Finished TC_001_LoginTest *******
2025-10-05 21:22:14.426 [main] INFO  testCases.TC_001_LoginTest - ******** Finished TC_001_LoginTest *******
2025-10-05 21:23:03.254 [main] INFO  testCases.TC_002_AddToCartTest - ******** Starting TC_002_AddToCartTest *******
2025-10-05 21:23:03.254 [main] INFO  testCases.TC_002_AddToCartTest - ******** Starting TC_002_AddToCartTest *******
2025-10-05 21:23:03.255 [main] INFO  testCases.TC_002_AddToCartTest - Logging into the application...
2025-10-05 21:23:03.255 [main] INFO  testCases.TC_002_AddToCartTest - Logging into the application...
2025-10-05 21:23:03.792 [main] INFO  testCases.TC_002_AddToCartTest - Login successful!
2025-10-05 21:23:03.792 [main] INFO  testCases.TC_002_AddToCartTest - Login successful!
2025-10-05 21:23:03.960 [main] INFO  testCases.TC_002_AddToCartTest - ******** Finished TC_002_AddToCartTest *******
2025-10-05 21:23:03.960 [main] INFO  testCases.TC_002_AddToCartTest - ******** Finished TC_002_AddToCartTest *******
